<?xml version="1.0" encoding="UTF-8"?>
<!-- Generated by org.testng.reporters.JUnitXMLReporter -->
<testsuite ignored="0" hostname="DESKTOP-LKL2D3R" failures="1" tests="1" name="Chrome test" time="35.353" errors="0" timestamp="2023-12-30T15:09:20 IST">
  <testcase classname="io.cucumber.testng.AbstractTestNGCucumberTests" name="runScenario" time="33.003">
    <failure type="org.openqa.selenium.ElementClickInterceptedException" message="element click intercepted: Element &amp;lt;input _ngcontent-ntr-c83=&amp;quot;&amp;quot; matinput=&amp;quot;&amp;quot; class=&amp;quot;mat-input-element mat-form-field-autofill-control ng-tns-c81-12 ng-pristine ng-invalid cdk-text-field-autofill-monitored ng-touched&amp;quot; type=&amp;quot;text&amp;quot; required=&amp;quot;&amp;quot; id=&amp;quot;mat-input-4&amp;quot; aria-required=&amp;quot;true&amp;quot; aria-describedby=&amp;quot;mat-error-0&amp;quot;&amp;gt; is not clickable at point (635, 221). Other element would receive the click: &amp;lt;input _ngcontent-ntr-c83=&amp;quot;&amp;quot; matinput=&amp;quot;&amp;quot; class=&amp;quot;mat-input-element mat-form-field-autofill-control ng-tns-c81-19 ng-untouched ng-pristine ng-valid cdk-text-field-autofill-monitored&amp;quot; type=&amp;quot;text&amp;quot; required=&amp;quot;&amp;quot; id=&amp;quot;mat-input-10&amp;quot; aria-invalid=&amp;quot;false&amp;quot; aria-required=&amp;quot;true&amp;quot;&amp;gt;
  (Session info: chrome=120.0.6099.130)
Build info: version: &amp;apos;4.15.0&amp;apos;, revision: &amp;apos;1d14b5521b&amp;apos;
System info: os.name: &amp;apos;Windows 10&amp;apos;, os.arch: &amp;apos;amd64&amp;apos;, os.version: &amp;apos;10.0&amp;apos;, java.version: &amp;apos;17.0.8.1&amp;apos;
Driver info: org.openqa.selenium.chrome.ChromeDriver
Command: [b14d22d54d7724ddc79ddd343ebe7961, clickElement {id=46F0CFF68CC310CA4C7D00CD5B474C98_element_54}]
Capabilities {acceptInsecureCerts: false, browserName: chrome, browserVersion: 120.0.6099.130, chrome: {chromedriverVersion: 120.0.6099.109 (3419140ab66..., userDataDir: C:\Users\admin\AppData\Loca...}, fedcm:accounts: true, goog:chromeOptions: {debuggerAddress: localhost:57036}, networkConnectionEnabled: false, pageLoadStrategy: normal, platformName: windows, proxy: Proxy(), se:cdp: ws://localhost:57036/devtoo..., se:cdpVersion: 120.0.6099.130, setWindowRect: true, strictFileInteractability: false, timeouts: {implicit: 0, pageLoad: 300000, script: 30000}, unhandledPromptBehavior: dismiss and notify, webauthn:extension:credBlob: true, webauthn:extension:largeBlob: true, webauthn:extension:minPinLength: true, webauthn:extension:prf: true, webauthn:virtualAuthenticators: true}
Element: [[ChromeDriver: chrome on windows (b14d22d54d7724ddc79ddd343ebe7961)] -&amp;gt; xpath: (//input[@type=&amp;apos;text&amp;apos;])[1]]
Session ID: b14d22d54d7724ddc79ddd343ebe7961">
      <![CDATA[org.openqa.selenium.ElementClickInterceptedException: element click intercepted: Element <input _ngcontent-ntr-c83="" matinput="" class="mat-input-element mat-form-field-autofill-control ng-tns-c81-12 ng-pristine ng-invalid cdk-text-field-autofill-monitored ng-touched" type="text" required="" id="mat-input-4" aria-required="true" aria-describedby="mat-error-0"> is not clickable at point (635, 221). Other element would receive the click: <input _ngcontent-ntr-c83="" matinput="" class="mat-input-element mat-form-field-autofill-control ng-tns-c81-19 ng-untouched ng-pristine ng-valid cdk-text-field-autofill-monitored" type="text" required="" id="mat-input-10" aria-invalid="false" aria-required="true">
  (Session info: chrome=120.0.6099.130)
Build info: version: '4.15.0', revision: '1d14b5521b'
System info: os.name: 'Windows 10', os.arch: 'amd64', os.version: '10.0', java.version: '17.0.8.1'
Driver info: org.openqa.selenium.chrome.ChromeDriver
Command: [b14d22d54d7724ddc79ddd343ebe7961, clickElement {id=46F0CFF68CC310CA4C7D00CD5B474C98_element_54}]
Capabilities {acceptInsecureCerts: false, browserName: chrome, browserVersion: 120.0.6099.130, chrome: {chromedriverVersion: 120.0.6099.109 (3419140ab66..., userDataDir: C:\Users\admin\AppData\Loca...}, fedcm:accounts: true, goog:chromeOptions: {debuggerAddress: localhost:57036}, networkConnectionEnabled: false, pageLoadStrategy: normal, platformName: windows, proxy: Proxy(), se:cdp: ws://localhost:57036/devtoo..., se:cdpVersion: 120.0.6099.130, setWindowRect: true, strictFileInteractability: false, timeouts: {implicit: 0, pageLoad: 300000, script: 30000}, unhandledPromptBehavior: dismiss and notify, webauthn:extension:credBlob: true, webauthn:extension:largeBlob: true, webauthn:extension:minPinLength: true, webauthn:extension:prf: true, webauthn:virtualAuthenticators: true}
Element: [[ChromeDriver: chrome on windows (b14d22d54d7724ddc79ddd343ebe7961)] -> xpath: (//input[@type='text'])[1]]
Session ID: b14d22d54d7724ddc79ddd343ebe7961
at org.openqa.selenium.remote.codec.w3c.W3CHttpResponseCodec.createException(W3CHttpResponseCodec.java:200)
at org.openqa.selenium.remote.codec.w3c.W3CHttpResponseCodec.decode(W3CHttpResponseCodec.java:133)
at org.openqa.selenium.remote.codec.w3c.W3CHttpResponseCodec.decode(W3CHttpResponseCodec.java:52)
at org.openqa.selenium.remote.HttpCommandExecutor.execute(HttpCommandExecutor.java:191)
at org.openqa.selenium.remote.service.DriverCommandExecutor.invokeExecute(DriverCommandExecutor.java:200)
at org.openqa.selenium.remote.service.DriverCommandExecutor.execute(DriverCommandExecutor.java:175)
at org.openqa.selenium.remote.RemoteWebDriver.execute(RemoteWebDriver.java:607)
at org.openqa.selenium.remote.RemoteWebElement.execute(RemoteWebElement.java:224)
at org.openqa.selenium.remote.RemoteWebElement.click(RemoteWebElement.java:77)
at com.Fp_Examcenter.pom_pages.Location_pom.Edit_Location_name(Location_pom.java:68)
at StepDefinitions.Location_Stepdefinition.user_edited_the_location_name(Location_Stepdefinition.java:125)
at âœ½.User edited the Location name 0(file:///E:/Examcenter_workspace/Automation_Cucumber_EC/src/test/resources/Ec_features/Location.feature:14)
... Removed 5 stack frames]]>
    </failure>
  </testcase> <!-- runScenario -->
</testsuite> <!-- Chrome test -->
