<html>
<head>
<title>TestNG:  Test</title>
<link href="../testng.css" rel="stylesheet" type="text/css" />
<link href="../my-testng.css" rel="stylesheet" type="text/css" />

<style type="text/css">
.log { display: none;} 
.stack-trace { display: none;} 
</style>
<script type="text/javascript">
<!--
function flip(e) {
  current = e.style.display;
  if (current == 'block') {
    e.style.display = 'none';
    return 0;
  }
  else {
    e.style.display = 'block';
    return 1;
  }
}

function toggleBox(szDivId, elem, msg1, msg2)
{
  var res = -1;  if (document.getElementById) {
    res = flip(document.getElementById(szDivId));
  }
  else if (document.all) {
    // this is the way old msie versions work
    res = flip(document.all[szDivId]);
  }
  if(elem) {
    if(res == 0) elem.innerHTML = msg1; else elem.innerHTML = msg2;
  }

}

function toggleAllBoxes() {
  if (document.getElementsByTagName) {
    d = document.getElementsByTagName('div');
    for (i = 0; i < d.length; i++) {
      if (d[i].className == 'log') {
        flip(d[i]);
      }
    }
  }
}

// -->
</script>

</head>
<body>
<h2 align='center'>Test</h2><table border='1' align="center">
<tr>
<td>Tests passed/Failed/Skipped:</td><td>11/2/0</td>
</tr><tr>
<td>Started on:</td><td>Wed Nov 27 18:05:15 IST 2024</td>
</tr>
<tr><td>Total time:</td><td>1183 seconds (1183235 ms)</td>
</tr><tr>
<td>Included groups:</td><td></td>
</tr><tr>
<td>Excluded groups:</td><td></td>
</tr>
</table><p/>
<small><i>(Hover the method name to see the test class name)</i></small><p/>
<table width='100%' border='1' class='invocation-failed'>
<tr><td colspan='4' align='center'><b>FAILED TESTS</b></td></tr>
<tr><td><b>Test method</b></td>
<td><b>Attribute(s)</b></td>
<td width="30%"><b>Exception</b></td>
<td width="10%"><b>Time (seconds)</b></td>
<td><b>Instance</b></td>
</tr>
<tr>
<td title='AssessmentsRunner.BenchmarksRunner.runScenario()'><b>runScenario</b><br>Test class: AssessmentsRunner.BenchmarksRunner<br>Test method: Runs Cucumber Scenarios<br>Parameters: "Creating Benchmarks and activating", "Verify the Benchmarks functionality"</td>
<td><div><pre>org.openqa.selenium.StaleElementReferenceException: stale element reference: stale element not found in the current frame
  (Session info: chrome=131.0.6778.86)
For documentation on this error, please visit: https://www.selenium.dev/documentation/webdriver/troubleshooting/errors#stale-element-reference-exception
Build info: version: &apos;4.18.1&apos;, revision: &apos;b1d3319b48&apos;
System info: os.name: &apos;Windows 11&apos;, os.arch: &apos;amd64&apos;, os.version: &apos;10.0&apos;, java.version: &apos;17.0.11&apos;
Driver info: org.openqa.selenium.chrome.ChromeDriver
Command: [17584d23d2775c79c788f0da78eb2b06, clickElement {id=f.FD7C796939B363F325ADA5971CEAAED2.d.9058E7C54C84828AB496372054C69E9B.e.668}]
Capabilities {acceptInsecureCerts: false, browserName: chrome, browserVersion: 131.0.6778.86, chrome: {chromedriverVersion: 131.0.6778.85 (3d81e41b6f3a..., userDataDir: C:\Users\SURESH~1\AppData\L...}, fedcm:accounts: true, goog:chromeOptions: {debuggerAddress: localhost:65441}, networkConnectionEnabled: false, pageLoadStrategy: normal, platformName: windows, proxy: Proxy(), se:cdp: ws://localhost:65441/devtoo..., se:cdpVersion: 131.0.6778.86, setWindowRect: true, strictFileInteractability: false, timeouts: {implicit: 0, pageLoad: 300000, script: 30000}, unhandledPromptBehavior: dismiss and notify, webauthn:extension:credBlob: true, webauthn:extension:largeBlob: true, webauthn:extension:minPinLength: true, webauthn:extension:prf: true, webauthn:virtualAuthenticators: true}
Element: [[ChromeDriver: chrome on windows (17584d23d2775c79c788f0da78eb2b06)] -&gt; xpath: //a[contains(text(), &apos;AutoBenchmark32177&apos;)]]
Session ID: 17584d23d2775c79c788f0da78eb2b06
	at org.openqa.selenium.remote.ErrorCodec.decode(ErrorCodec.java:167)
	at org.openqa.selenium.remote.codec.w3c.W3CHttpResponseCodec.decode(W3CHttpResponseCodec.java:138)
	at org.openqa.selenium.remote.codec.w3c.W3CHttpResponseCodec.decode(W3CHttpResponseCodec.java:50)
	at org.openqa.selenium.remote.HttpCommandExecutor.execute(HttpCommandExecutor.java:190)
	at org.openqa.selenium.remote.service.DriverCommandExecutor.invokeExecute(DriverCommandExecutor.java:216)
	at org.openqa.selenium.remote.service.DriverCommandExecutor.execute(DriverCommandExecutor.java:174)
	at org.openqa.selenium.remote.RemoteWebDriver.execute(RemoteWebDriver.java:519)
	at org.openqa.selenium.remote.RemoteWebElement.execute(RemoteWebElement.java:223)
	at org.openqa.selenium.remote.RemoteWebElement.click(RemoteWebElement.java:76)
	at com.Assessments.pages.BenchmarksPage.clickOnNewBencmark(BenchmarksPage.java:89)
	at AssessmentsStepdef.BenchmarkStepdefinitions.the_user_clicks_on_the_created_benchmark_and_navigates_to_the_sections_tab(BenchmarkStepdefinitions.java:126)
	at ✽.the user clicks on the created benchmark and navigates to the Sections tab(file:///C:/Users/SureshRajaboina/OneDrive%20-%20FocalPointK12,%20Inc/Focalpoint%20Automation/Benchmarks_AC/src/test/resources/AssessmentsFeatures/Benchmarks.feature:22)
... Removed 5 stack frames</pre></div><a href='#' onClick='toggleBox("stack-trace1510692106", this, "Click to show all stack frames", "Click to hide stack frames")'>Click to show all stack frames</a>
<div class='stack-trace' id='stack-trace1510692106'><pre>org.openqa.selenium.StaleElementReferenceException: stale element reference: stale element not found in the current frame
  (Session info: chrome=131.0.6778.86)
For documentation on this error, please visit: https://www.selenium.dev/documentation/webdriver/troubleshooting/errors#stale-element-reference-exception
Build info: version: &apos;4.18.1&apos;, revision: &apos;b1d3319b48&apos;
System info: os.name: &apos;Windows 11&apos;, os.arch: &apos;amd64&apos;, os.version: &apos;10.0&apos;, java.version: &apos;17.0.11&apos;
Driver info: org.openqa.selenium.chrome.ChromeDriver
Command: [17584d23d2775c79c788f0da78eb2b06, clickElement {id=f.FD7C796939B363F325ADA5971CEAAED2.d.9058E7C54C84828AB496372054C69E9B.e.668}]
Capabilities {acceptInsecureCerts: false, browserName: chrome, browserVersion: 131.0.6778.86, chrome: {chromedriverVersion: 131.0.6778.85 (3d81e41b6f3a..., userDataDir: C:\Users\SURESH~1\AppData\L...}, fedcm:accounts: true, goog:chromeOptions: {debuggerAddress: localhost:65441}, networkConnectionEnabled: false, pageLoadStrategy: normal, platformName: windows, proxy: Proxy(), se:cdp: ws://localhost:65441/devtoo..., se:cdpVersion: 131.0.6778.86, setWindowRect: true, strictFileInteractability: false, timeouts: {implicit: 0, pageLoad: 300000, script: 30000}, unhandledPromptBehavior: dismiss and notify, webauthn:extension:credBlob: true, webauthn:extension:largeBlob: true, webauthn:extension:minPinLength: true, webauthn:extension:prf: true, webauthn:virtualAuthenticators: true}
Element: [[ChromeDriver: chrome on windows (17584d23d2775c79c788f0da78eb2b06)] -&gt; xpath: //a[contains(text(), &apos;AutoBenchmark32177&apos;)]]
Session ID: 17584d23d2775c79c788f0da78eb2b06
	at java.base/jdk.internal.reflect.NativeConstructorAccessorImpl.newInstance0(Native Method)
	at java.base/jdk.internal.reflect.NativeConstructorAccessorImpl.newInstance(NativeConstructorAccessorImpl.java:77)
	at java.base/jdk.internal.reflect.DelegatingConstructorAccessorImpl.newInstance(DelegatingConstructorAccessorImpl.java:45)
	at java.base/java.lang.reflect.Constructor.newInstanceWithCaller(Constructor.java:499)
	at java.base/java.lang.reflect.Constructor.newInstance(Constructor.java:480)
	at org.openqa.selenium.remote.ErrorCodec.decode(ErrorCodec.java:167)
	at org.openqa.selenium.remote.codec.w3c.W3CHttpResponseCodec.decode(W3CHttpResponseCodec.java:138)
	at org.openqa.selenium.remote.codec.w3c.W3CHttpResponseCodec.decode(W3CHttpResponseCodec.java:50)
	at org.openqa.selenium.remote.HttpCommandExecutor.execute(HttpCommandExecutor.java:190)
	at org.openqa.selenium.remote.service.DriverCommandExecutor.invokeExecute(DriverCommandExecutor.java:216)
	at org.openqa.selenium.remote.service.DriverCommandExecutor.execute(DriverCommandExecutor.java:174)
	at org.openqa.selenium.remote.RemoteWebDriver.execute(RemoteWebDriver.java:519)
	at org.openqa.selenium.remote.RemoteWebElement.execute(RemoteWebElement.java:223)
	at org.openqa.selenium.remote.RemoteWebElement.click(RemoteWebElement.java:76)
	at com.Assessments.pages.BenchmarksPage.clickOnNewBencmark(BenchmarksPage.java:89)
	at AssessmentsStepdef.BenchmarkStepdefinitions.the_user_clicks_on_the_created_benchmark_and_navigates_to_the_sections_tab(BenchmarkStepdefinitions.java:126)
	at ✽.the user clicks on the created benchmark and navigates to the Sections tab(file:///C:/Users/SureshRajaboina/OneDrive%20-%20FocalPointK12,%20Inc/Focalpoint%20Automation/Benchmarks_AC/src/test/resources/AssessmentsFeatures/Benchmarks.feature:22)
</pre></div></td>
<td>60</td>
<td>AssessmentsRunner.BenchmarksRunner@312aa7c</td></tr>
<tr>
<td title='AssessmentsRunner.BenchmarksRunner.runScenario()'><b>runScenario</b><br>Test class: AssessmentsRunner.BenchmarksRunner<br>Test method: Runs Cucumber Scenarios<br>Parameters: "Activating Benchmark Through Test Administration", "Verify the Benchmarks functionality"</td>
<td><div><pre>org.openqa.selenium.NoSuchElementException: no such element: Unable to locate element: {&quot;method&quot;:&quot;xpath&quot;,&quot;selector&quot;:&quot;//mat-label[contains(text(),&apos;Status&apos;)]/following::span[contains(text(),&apos;Not Started&apos;)]&quot;}
  (Session info: chrome=131.0.6778.86)
For documentation on this error, please visit: https://www.selenium.dev/documentation/webdriver/troubleshooting/errors#no-such-element-exception
Build info: version: &apos;4.18.1&apos;, revision: &apos;b1d3319b48&apos;
System info: os.name: &apos;Windows 11&apos;, os.arch: &apos;amd64&apos;, os.version: &apos;10.0&apos;, java.version: &apos;17.0.11&apos;
Driver info: org.openqa.selenium.chrome.ChromeDriver
Command: [440d2943ed6c3620a57d2e9eac742215, findElement {value=//mat-label[contains(text(),&apos;Status&apos;)]/following::span[contains(text(),&apos;Not Started&apos;)], using=xpath}]
Capabilities {acceptInsecureCerts: false, browserName: chrome, browserVersion: 131.0.6778.86, chrome: {chromedriverVersion: 131.0.6778.85 (3d81e41b6f3a..., userDataDir: C:\Users\SURESH~1\AppData\L...}, fedcm:accounts: true, goog:chromeOptions: {debuggerAddress: localhost:49177}, networkConnectionEnabled: false, pageLoadStrategy: normal, platformName: windows, proxy: Proxy(), se:cdp: ws://localhost:49177/devtoo..., se:cdpVersion: 131.0.6778.86, setWindowRect: true, strictFileInteractability: false, timeouts: {implicit: 0, pageLoad: 300000, script: 30000}, unhandledPromptBehavior: dismiss and notify, webauthn:extension:credBlob: true, webauthn:extension:largeBlob: true, webauthn:extension:minPinLength: true, webauthn:extension:prf: true, webauthn:virtualAuthenticators: true}
Session ID: 440d2943ed6c3620a57d2e9eac742215
	at org.openqa.selenium.remote.ErrorCodec.decode(ErrorCodec.java:167)
	at org.openqa.selenium.remote.codec.w3c.W3CHttpResponseCodec.decode(W3CHttpResponseCodec.java:138)
	at org.openqa.selenium.remote.codec.w3c.W3CHttpResponseCodec.decode(W3CHttpResponseCodec.java:50)
	at org.openqa.selenium.remote.HttpCommandExecutor.execute(HttpCommandExecutor.java:190)
	at org.openqa.selenium.remote.service.DriverCommandExecutor.invokeExecute(DriverCommandExecutor.java:216)
	at org.openqa.selenium.remote.service.DriverCommandExecutor.execute(DriverCommandExecutor.java:174)
	at org.openqa.selenium.remote.RemoteWebDriver.execute(RemoteWebDriver.java:519)
	at org.openqa.selenium.remote.ElementLocation$ElementFinder$2.findElement(ElementLocation.java:165)
	at org.openqa.selenium.remote.ElementLocation.findElement(ElementLocation.java:59)
	at org.openqa.selenium.remote.RemoteWebDriver.findElement(RemoteWebDriver.java:356)
	at org.openqa.selenium.remote.RemoteWebDriver.findElement(RemoteWebDriver.java:350)
	at org.openqa.selenium.support.pagefactory.DefaultElementLocator.findElement(DefaultElementLocator.java:68)
	at org.openqa.selenium.support.pagefactory.internal.LocatingElementHandler.invoke(LocatingElementHandler.java:38)
	at jdk.proxy2/jdk.proxy2.$Proxy28.equals(Unknown Source)
	at com.Assessments.pages.BenchmarksPage.CheckingStatus(BenchmarksPage.java:317)
	at AssessmentsStepdef.BenchmarkStepdefinitions.user_checks_the_status_and_reset_the_benchmark_activity(BenchmarkStepdefinitions.java:213)
	at ✽.user checks the status and Reset the Benchmark Activity(file:///C:/Users/SureshRajaboina/OneDrive%20-%20FocalPointK12,%20Inc/Focalpoint%20Automation/Benchmarks_AC/src/test/resources/AssessmentsFeatures/Benchmarks.feature:45)
... Removed 5 stack frames</pre></div><a href='#' onClick='toggleBox("stack-trace402269681", this, "Click to show all stack frames", "Click to hide stack frames")'>Click to show all stack frames</a>
<div class='stack-trace' id='stack-trace402269681'><pre>org.openqa.selenium.NoSuchElementException: no such element: Unable to locate element: {&quot;method&quot;:&quot;xpath&quot;,&quot;selector&quot;:&quot;//mat-label[contains(text(),&apos;Status&apos;)]/following::span[contains(text(),&apos;Not Started&apos;)]&quot;}
  (Session info: chrome=131.0.6778.86)
For documentation on this error, please visit: https://www.selenium.dev/documentation/webdriver/troubleshooting/errors#no-such-element-exception
Build info: version: &apos;4.18.1&apos;, revision: &apos;b1d3319b48&apos;
System info: os.name: &apos;Windows 11&apos;, os.arch: &apos;amd64&apos;, os.version: &apos;10.0&apos;, java.version: &apos;17.0.11&apos;
Driver info: org.openqa.selenium.chrome.ChromeDriver
Command: [440d2943ed6c3620a57d2e9eac742215, findElement {value=//mat-label[contains(text(),&apos;Status&apos;)]/following::span[contains(text(),&apos;Not Started&apos;)], using=xpath}]
Capabilities {acceptInsecureCerts: false, browserName: chrome, browserVersion: 131.0.6778.86, chrome: {chromedriverVersion: 131.0.6778.85 (3d81e41b6f3a..., userDataDir: C:\Users\SURESH~1\AppData\L...}, fedcm:accounts: true, goog:chromeOptions: {debuggerAddress: localhost:49177}, networkConnectionEnabled: false, pageLoadStrategy: normal, platformName: windows, proxy: Proxy(), se:cdp: ws://localhost:49177/devtoo..., se:cdpVersion: 131.0.6778.86, setWindowRect: true, strictFileInteractability: false, timeouts: {implicit: 0, pageLoad: 300000, script: 30000}, unhandledPromptBehavior: dismiss and notify, webauthn:extension:credBlob: true, webauthn:extension:largeBlob: true, webauthn:extension:minPinLength: true, webauthn:extension:prf: true, webauthn:virtualAuthenticators: true}
Session ID: 440d2943ed6c3620a57d2e9eac742215
	at java.base/jdk.internal.reflect.NativeConstructorAccessorImpl.newInstance0(Native Method)
	at java.base/jdk.internal.reflect.NativeConstructorAccessorImpl.newInstance(NativeConstructorAccessorImpl.java:77)
	at java.base/jdk.internal.reflect.DelegatingConstructorAccessorImpl.newInstance(DelegatingConstructorAccessorImpl.java:45)
	at java.base/java.lang.reflect.Constructor.newInstanceWithCaller(Constructor.java:499)
	at java.base/java.lang.reflect.Constructor.newInstance(Constructor.java:480)
	at org.openqa.selenium.remote.ErrorCodec.decode(ErrorCodec.java:167)
	at org.openqa.selenium.remote.codec.w3c.W3CHttpResponseCodec.decode(W3CHttpResponseCodec.java:138)
	at org.openqa.selenium.remote.codec.w3c.W3CHttpResponseCodec.decode(W3CHttpResponseCodec.java:50)
	at org.openqa.selenium.remote.HttpCommandExecutor.execute(HttpCommandExecutor.java:190)
	at org.openqa.selenium.remote.service.DriverCommandExecutor.invokeExecute(DriverCommandExecutor.java:216)
	at org.openqa.selenium.remote.service.DriverCommandExecutor.execute(DriverCommandExecutor.java:174)
	at org.openqa.selenium.remote.RemoteWebDriver.execute(RemoteWebDriver.java:519)
	at org.openqa.selenium.remote.ElementLocation$ElementFinder$2.findElement(ElementLocation.java:165)
	at org.openqa.selenium.remote.ElementLocation.findElement(ElementLocation.java:59)
	at org.openqa.selenium.remote.RemoteWebDriver.findElement(RemoteWebDriver.java:356)
	at org.openqa.selenium.remote.RemoteWebDriver.findElement(RemoteWebDriver.java:350)
	at org.openqa.selenium.support.pagefactory.DefaultElementLocator.findElement(DefaultElementLocator.java:68)
	at org.openqa.selenium.support.pagefactory.internal.LocatingElementHandler.invoke(LocatingElementHandler.java:38)
	at jdk.proxy2/jdk.proxy2.$Proxy28.equals(Unknown Source)
	at com.Assessments.pages.BenchmarksPage.CheckingStatus(BenchmarksPage.java:317)
	at AssessmentsStepdef.BenchmarkStepdefinitions.user_checks_the_status_and_reset_the_benchmark_activity(BenchmarkStepdefinitions.java:213)
	at ✽.user checks the status and Reset the Benchmark Activity(file:///C:/Users/SureshRajaboina/OneDrive%20-%20FocalPointK12,%20Inc/Focalpoint%20Automation/Benchmarks_AC/src/test/resources/AssessmentsFeatures/Benchmarks.feature:45)
</pre></div></td>
<td>88</td>
<td>AssessmentsRunner.BenchmarksRunner@312aa7c</td></tr>
</table><p>
<table width='100%' border='1' class='invocation-passed'>
<tr><td colspan='4' align='center'><b>PASSED TESTS</b></td></tr>
<tr><td><b>Test method</b></td>
<td><b>Attribute(s)</b></td>
<td width="30%"><b>Exception</b></td>
<td width="10%"><b>Time (seconds)</b></td>
<td><b>Instance</b></td>
</tr>
<tr>
<td title='AssessmentsRunner.QuizCreationRunner.runScenario()'><b>runScenario</b><br>Test class: AssessmentsRunner.QuizCreationRunner<br>Test method: Runs Cucumber Scenarios<br>Parameters: "Checking the Quiz Creation Functionality", "Validate the Quiz Creation for Teacher"</td>
<td></td>
<td>170</td>
<td>AssessmentsRunner.QuizCreationRunner@536f2a7e</td></tr>
<tr>
<td title='AssessmentsRunner.QuizSubmissionRunner.runScenario()'><b>runScenario</b><br>Test class: AssessmentsRunner.QuizSubmissionRunner<br>Test method: Runs Cucumber Scenarios<br>Parameters: "Checking the Quizzes Submission for Student", "Validating the Quiz Performing at student side"</td>
<td></td>
<td>173</td>
<td>AssessmentsRunner.QuizSubmissionRunner@66982506</td></tr>
<tr>
<td title='AssessmentsRunner.AnnouncementsRunner.runScenario()'><b>runScenario</b><br>Test class: AssessmentsRunner.AnnouncementsRunner<br>Test method: Runs Cucumber Scenarios<br>Parameters: "Creating Announcements", "Verify the Announcements functionality"</td>
<td></td>
<td>82</td>
<td>AssessmentsRunner.AnnouncementsRunner@72bc6553</td></tr>
<tr>
<td title='AssessmentsRunner.ScoreSubmissionRunner.runScenario()'><b>runScenario</b><br>Test class: AssessmentsRunner.ScoreSubmissionRunner<br>Test method: Runs Cucumber Scenarios<br>Parameters: "Validate the Score from Overall SpeedGrader", "Verify the Score Submission at Teacher side"</td>
<td></td>
<td>127</td>
<td>AssessmentsRunner.ScoreSubmissionRunner@5a59ca5e</td></tr>
<tr>
<td title='AssessmentsRunner.Benchmark_TeacherRunner.runScenario()'><b>runScenario</b><br>Test class: AssessmentsRunner.Benchmark_TeacherRunner<br>Test method: Runs Cucumber Scenarios<br>Parameters: "Activating and Deactivating toggles against Benchmark names", "Verify the Benchmark Management process for Teacher"</td>
<td></td>
<td>59</td>
<td>AssessmentsRunner.Benchmark_TeacherRunner@65987993</td></tr>
<tr>
<td title='AssessmentsRunner.Teacher_ActivityprogressRunner.runScenario()'><b>runScenario</b><br>Test class: AssessmentsRunner.Teacher_ActivityprogressRunner<br>Test method: Runs Cucumber Scenarios<br>Parameters: "Validating the Activity progress screen from AC Home tab", "Verify the Activity progress from ToDo List at teacher"</td>
<td></td>
<td>83</td>
<td>AssessmentsRunner.Teacher_ActivityprogressRunner@4bdeaabb</td></tr>
<tr>
<td title='AssessmentsRunner.SISprovisioningRunner.runScenario()'><b>runScenario</b><br>Test class: AssessmentsRunner.SISprovisioningRunner<br>Test method: Runs Cucumber Scenarios<br>Parameters: "Verify the Users Creation Functionality with valid Data", "Verify the SIS Provisioning Creation Functionality"</td>
<td></td>
<td>80</td>
<td>AssessmentsRunner.SISprovisioningRunner@304bb45b</td></tr>
<tr>
<td title='AssessmentsRunner.PerformingExamRunner.runScenario()'><b>runScenario</b><br>Test class: AssessmentsRunner.PerformingExamRunner<br>Test method: Runs Cucumber Scenarios<br>Parameters: "Submitting Exam", "Performing Exam at student side"</td>
<td></td>
<td>63</td>
<td>AssessmentsRunner.PerformingExamRunner@70cf32e3</td></tr>
<tr>
<td title='AssessmentsRunner.LaunchValidationRunner.runScenario()'><b>runScenario</b><br>Test class: AssessmentsRunner.LaunchValidationRunner<br>Test method: Runs Cucumber Scenarios<br>Parameters: "Creating Validating Launch Icon Through Home Tab", "Validating the Quiz/Exams at student side"</td>
<td></td>
<td>74</td>
<td>AssessmentsRunner.LaunchValidationRunner@6c4906d3</td></tr>
<tr>
<td title='AssessmentsRunner.SISprovisioningRunner.runScenario()'><b>runScenario</b><br>Test class: AssessmentsRunner.SISprovisioningRunner<br>Test method: Runs Cucumber Scenarios<br>Parameters: "Checking the School, Classroom, Section Creation Functionality With valid Data", "Verify the SIS Provisioning Creation Functionality"</td>
<td></td>
<td>51</td>
<td>AssessmentsRunner.SISprovisioningRunner@304bb45b</td></tr>
<tr>
<td title='AssessmentsRunner.ScoreSubmissionRunner.runScenario()'><b>runScenario</b><br>Test class: AssessmentsRunner.ScoreSubmissionRunner<br>Test method: Runs Cucumber Scenarios<br>Parameters: "Validate the Score In Assessment SpeedGrader screen", "Verify the Score Submission at Teacher side"</td>
<td></td>
<td>47</td>
<td>AssessmentsRunner.ScoreSubmissionRunner@5a59ca5e</td></tr>
</table><p>
</body>
</html>