<?xml version="1.0" encoding="UTF-8"?>
<!-- Generated by org.testng.reporters.JUnitReportReporter -->
<testsuite hostname="DESKTOP-LKL2D3R" failures="0" tests="2" name="com.Fp_Ec.runner.Examinations_Schedule_runner$EcLoginpage_Runner" time="39.221" errors="2" timestamp="2023-12-11T18:23:56 IST" skipped="0">
  <testcase classname="com.Fp_Ec.runner.Examinations_Schedule_runner$EcLoginpage_Runner" name="runScenario" time="13.668">
    <error message="Keys to send should be a not null CharSequence" type="java.lang.IllegalArgumentException">
      <![CDATA[java.lang.IllegalArgumentException: Keys to send should be a not null CharSequence
at org.openqa.selenium.remote.RemoteWebElement.sendKeys(RemoteWebElement.java:97)
at com.Fp_Examcenter.pom_pages.EC_Loginpage.enterUsername(EC_Loginpage.java:30)
at com.Fp_Examcenter.pom_pages.EC_Loginpage.login(EC_Loginpage.java:65)
at StepDefinitions.CreateExaminations_Stepdefinations.user_enters_the_valid_credential_from_the_given_excelsheet_at(CreateExaminations_Stepdefinations.java:45)
at ✽.User enters the valid credential from the given excelsheet at 0(file:///E:/Examcenter_workspace/Automation_Cucumber_EC/src/test/resources/Ec_features/CreateExaminations.feature:22)
]]>
    </error>
  </testcase> <!-- runScenario -->
  <system-out/>
  <testcase classname="com.Fp_Ec.runner.Examinations_Schedule_runner$EcLoginpage_Runner" name="runScenario" time="25.553">
    <error message="element click intercepted: Element &lt;mat-icon _ngcontent-shv-c287=&quot;&quot; role=&quot;img&quot; mattooltip=&quot;Edit&quot; class=&quot;mat-icon notranslate mat-tooltip-trigger material-icons mat-icon-no-color&quot; aria-hidden=&quot;true&quot; data-mat-icon-type=&quot;font&quot; aria-describedby=&quot;cdk-describedby-message-5&quot; cdk-describedby-host=&quot;0&quot;&gt;...&lt;/mat-icon&gt; is not clickable at point (505, 382). Other element would receive the click: &lt;div class=&quot;ck-restricted-editing_mode_standard ck ck-content ck-editor__editable ck-rounded-corners ck-editor__editable_inline ck-blurred&quot; lang=&quot;en&quot; dir=&quot;ltr&quot; role=&quot;textbox&quot; aria-label=&quot;Editor editing area: main&quot; contenteditable=&quot;true&quot;&gt;...&lt;/div&gt;
  (Session info: chrome=119.0.6045.200)
Build info: version: &#039;4.15.0&#039;, revision: &#039;1d14b5521b&#039;
System info: os.name: &#039;Windows 10&#039;, os.arch: &#039;amd64&#039;, os.version: &#039;10.0&#039;, java.version: &#039;17.0.8.1&#039;
Driver info: org.openqa.selenium.chrome.ChromeDriver
Command: [1b86d2ad3c3ad276a53f7a334f0fffc7, clickElement {id=922B95D878D6FC0137DC9945AC349905_element_71}]
Capabilities {acceptInsecureCerts: false, browserName: chrome, browserVersion: 119.0.6045.200, chrome: {chromedriverVersion: 119.0.6045.105 (38c72552c5e..., userDataDir: C:\Users\admin\AppData\Loca...}, fedcm:accounts: true, goog:chromeOptions: {debuggerAddress: localhost:50050}, networkConnectionEnabled: false, pageLoadStrategy: normal, platformName: windows, proxy: Proxy(), se:cdp: ws://localhost:50050/devtoo..., se:cdpVersion: 119.0.6045.200, setWindowRect: true, strictFileInteractability: false, timeouts: {implicit: 0, pageLoad: 300000, script: 30000}, unhandledPromptBehavior: dismiss and notify, webauthn:extension:credBlob: true, webauthn:extension:largeBlob: true, webauthn:extension:minPinLength: true, webauthn:extension:prf: true, webauthn:virtualAuthenticators: true}
Element: [[ChromeDriver: chrome on windows (1b86d2ad3c3ad276a53f7a334f0fffc7)] -&gt; xpath: //mat-icon[text()=&#039;edit&#039;]]
Session ID: 1b86d2ad3c3ad276a53f7a334f0fffc7" type="org.openqa.selenium.ElementClickInterceptedException">
      <![CDATA[org.openqa.selenium.ElementClickInterceptedException: element click intercepted: Element <mat-icon _ngcontent-shv-c287="" role="img" mattooltip="Edit" class="mat-icon notranslate mat-tooltip-trigger material-icons mat-icon-no-color" aria-hidden="true" data-mat-icon-type="font" aria-describedby="cdk-describedby-message-5" cdk-describedby-host="0">...</mat-icon> is not clickable at point (505, 382). Other element would receive the click: <div class="ck-restricted-editing_mode_standard ck ck-content ck-editor__editable ck-rounded-corners ck-editor__editable_inline ck-blurred" lang="en" dir="ltr" role="textbox" aria-label="Editor editing area: main" contenteditable="true">...</div>
  (Session info: chrome=119.0.6045.200)
Build info: version: '4.15.0', revision: '1d14b5521b'
System info: os.name: 'Windows 10', os.arch: 'amd64', os.version: '10.0', java.version: '17.0.8.1'
Driver info: org.openqa.selenium.chrome.ChromeDriver
Command: [1b86d2ad3c3ad276a53f7a334f0fffc7, clickElement {id=922B95D878D6FC0137DC9945AC349905_element_71}]
Capabilities {acceptInsecureCerts: false, browserName: chrome, browserVersion: 119.0.6045.200, chrome: {chromedriverVersion: 119.0.6045.105 (38c72552c5e..., userDataDir: C:\Users\admin\AppData\Loca...}, fedcm:accounts: true, goog:chromeOptions: {debuggerAddress: localhost:50050}, networkConnectionEnabled: false, pageLoadStrategy: normal, platformName: windows, proxy: Proxy(), se:cdp: ws://localhost:50050/devtoo..., se:cdpVersion: 119.0.6045.200, setWindowRect: true, strictFileInteractability: false, timeouts: {implicit: 0, pageLoad: 300000, script: 30000}, unhandledPromptBehavior: dismiss and notify, webauthn:extension:credBlob: true, webauthn:extension:largeBlob: true, webauthn:extension:minPinLength: true, webauthn:extension:prf: true, webauthn:virtualAuthenticators: true}
Element: [[ChromeDriver: chrome on windows (1b86d2ad3c3ad276a53f7a334f0fffc7)] -> xpath: //mat-icon[text()='edit']]
Session ID: 1b86d2ad3c3ad276a53f7a334f0fffc7
at java.base/jdk.internal.reflect.NativeConstructorAccessorImpl.newInstance0(Native Method)
at java.base/jdk.internal.reflect.NativeConstructorAccessorImpl.newInstance(NativeConstructorAccessorImpl.java:77)
at java.base/jdk.internal.reflect.DelegatingConstructorAccessorImpl.newInstance(DelegatingConstructorAccessorImpl.java:45)
at java.base/java.lang.reflect.Constructor.newInstanceWithCaller(Constructor.java:499)
at java.base/java.lang.reflect.Constructor.newInstance(Constructor.java:480)
at org.openqa.selenium.remote.codec.w3c.W3CHttpResponseCodec.createException(W3CHttpResponseCodec.java:200)
at org.openqa.selenium.remote.codec.w3c.W3CHttpResponseCodec.decode(W3CHttpResponseCodec.java:133)
at org.openqa.selenium.remote.codec.w3c.W3CHttpResponseCodec.decode(W3CHttpResponseCodec.java:52)
at org.openqa.selenium.remote.HttpCommandExecutor.execute(HttpCommandExecutor.java:191)
at org.openqa.selenium.remote.service.DriverCommandExecutor.invokeExecute(DriverCommandExecutor.java:200)
at org.openqa.selenium.remote.service.DriverCommandExecutor.execute(DriverCommandExecutor.java:175)
at org.openqa.selenium.remote.RemoteWebDriver.execute(RemoteWebDriver.java:607)
at org.openqa.selenium.remote.RemoteWebElement.execute(RemoteWebElement.java:224)
at org.openqa.selenium.remote.RemoteWebElement.click(RemoteWebElement.java:77)
at com.Fp_Examcenter.pom_pages.Create_Examinations_pages.Edit_Examinations(Create_Examinations_pages.java:84)
at StepDefinitions.CreateExaminations_Stepdefinations.user_click_on_searched_examination_edit_button(CreateExaminations_Stepdefinations.java:109)
at ✽.User click on Searched Examination Edit button(file:///E:/Examcenter_workspace/Automation_Cucumber_EC/src/test/resources/Ec_features/CreateExaminations.feature:12)
]]>
    </error>
  </testcase> <!-- runScenario -->
  <system-out/>
</testsuite> <!-- com.Fp_Ec.runner.Examinations_Schedule_runner$EcLoginpage_Runner -->
