<html>
<head>
<title>TestNG:  Chrome test</title>
<link href="../testng.css" rel="stylesheet" type="text/css" />
<link href="../my-testng.css" rel="stylesheet" type="text/css" />

<style type="text/css">
.log { display: none;} 
.stack-trace { display: none;} 
</style>
<script type="text/javascript">
<!--
function flip(e) {
  current = e.style.display;
  if (current == 'block') {
    e.style.display = 'none';
    return 0;
  }
  else {
    e.style.display = 'block';
    return 1;
  }
}

function toggleBox(szDivId, elem, msg1, msg2)
{
  var res = -1;  if (document.getElementById) {
    res = flip(document.getElementById(szDivId));
  }
  else if (document.all) {
    // this is the way old msie versions work
    res = flip(document.all[szDivId]);
  }
  if(elem) {
    if(res == 0) elem.innerHTML = msg1; else elem.innerHTML = msg2;
  }

}

function toggleAllBoxes() {
  if (document.getElementsByTagName) {
    d = document.getElementsByTagName('div');
    for (i = 0; i < d.length; i++) {
      if (d[i].className == 'log') {
        flip(d[i]);
      }
    }
  }
}

// -->
</script>

</head>
<body>
<h2 align='center'>Chrome test</h2><table border='1' align="center">
<tr>
<td>Tests passed/Failed/Skipped:</td><td>3/2/0</td>
</tr><tr>
<td>Started on:</td><td>Thu Jan 11 13:28:35 IST 2024</td>
</tr>
<tr><td>Total time:</td><td>176 seconds (176730 ms)</td>
</tr><tr>
<td>Included groups:</td><td></td>
</tr><tr>
<td>Excluded groups:</td><td></td>
</tr>
</table><p/>
<small><i>(Hover the method name to see the test class name)</i></small><p/>
<table width='100%' border='1' class='invocation-failed'>
<tr><td colspan='4' align='center'><b>FAILED TESTS</b></td></tr>
<tr><td><b>Test method</b></td>
<td width="30%"><b>Exception</b></td>
<td width="10%"><b>Time (seconds)</b></td>
<td><b>Instance</b></td>
</tr>
<tr>
<td title='com.Fp_Ec.runner.Location_Runner.runScenario()'><b>runScenario</b><br>Test class: com.Fp_Ec.runner.Location_Runner<br>Test method: Runs Cucumber Scenarios<br>Parameters: "Exam_Center AddEdit Location scenario", "Exam_Center Location feature"</td>
<td><div><pre>java.lang.AssertionError: expected [true] but found [false]
	at com.Fp_Examcenter.Utils.ActionType.generateFailReport(ActionType.java:106)
	at com.Fp_Examcenter.Utils.ActionType.isElementPresent(ActionType.java:271)
	at com.Fp_Examcenter.pom_pages.EC_Loginpage.allFieldsDispayed(EC_Loginpage.java:78)
	at StepDefinitions.Loginpage_Stepdefinition.user_able_to_see_all_fields_in_login_page(Loginpage_Stepdefinition.java:34)
	at ✽.User able to see all Fields in login page(file:///E:/Examcenter_workspace/Automation_Cucumber_EC/src/test/resources/Ec_features/Location.feature:5)
... Removed 4 stack frames</pre></div><a href='#' onClick='toggleBox("stack-trace1865038647", this, "Click to show all stack frames", "Click to hide stack frames")'>Click to show all stack frames</a>
<div class='stack-trace' id='stack-trace1865038647'><pre>java.lang.AssertionError: expected [true] but found [false]
	at org.testng.Assert.fail(Assert.java:99)
	at org.testng.Assert.failNotEquals(Assert.java:1037)
	at org.testng.Assert.assertTrue(Assert.java:45)
	at org.testng.Assert.assertTrue(Assert.java:55)
	at com.Fp_Examcenter.Utils.ActionType.generateFailReport(ActionType.java:106)
	at com.Fp_Examcenter.Utils.ActionType.isElementPresent(ActionType.java:271)
	at com.Fp_Examcenter.pom_pages.EC_Loginpage.allFieldsDispayed(EC_Loginpage.java:78)
	at StepDefinitions.Loginpage_Stepdefinition.user_able_to_see_all_fields_in_login_page(Loginpage_Stepdefinition.java:34)
	at ✽.User able to see all Fields in login page(file:///E:/Examcenter_workspace/Automation_Cucumber_EC/src/test/resources/Ec_features/Location.feature:5)
</pre></div></td>
<td>44</td>
<td>com.Fp_Ec.runner.Location_Runner@1349883</td></tr>
<tr>
<td title='com.Fp_Ec.runner.Examinations_Schedule_runner.runScenario()'><b>runScenario</b><br>Test class: com.Fp_Ec.runner.Examinations_Schedule_runner<br>Test method: Runs Cucumber Scenarios<br>Parameters: "Enroll the Examination and schedule to the Examtaker", "Examcenter Creation of Examinations Schedules and Examtaker Enrollments feature"</td>
<td><div><pre>org.openqa.selenium.NoSuchElementException: no such element: Unable to locate element: {&quot;method&quot;:&quot;xpath&quot;,&quot;selector&quot;:&quot;//span[text()=&apos; January Exams22 &apos;]&quot;}
  (Session info: chrome=120.0.6099.216)
For documentation on this error, please visit: https://www.selenium.dev/documentation/webdriver/troubleshooting/errors#no-such-element-exception
Build info: version: &apos;4.15.0&apos;, revision: &apos;1d14b5521b&apos;
System info: os.name: &apos;Windows 10&apos;, os.arch: &apos;amd64&apos;, os.version: &apos;10.0&apos;, java.version: &apos;17.0.8.1&apos;
Driver info: org.openqa.selenium.chrome.ChromeDriver
Command: [64ec535e24e1c0f2c4fa6e916bb83801, findElement {using=xpath, value=//span[text()=&apos; January Exams22 &apos;]}]
Capabilities {acceptInsecureCerts: false, browserName: chrome, browserVersion: 120.0.6099.216, chrome: {chromedriverVersion: 120.0.6099.109 (3419140ab66..., userDataDir: C:\Users\admin\AppData\Loca...}, fedcm:accounts: true, goog:chromeOptions: {debuggerAddress: localhost:60140}, networkConnectionEnabled: false, pageLoadStrategy: normal, platformName: windows, proxy: Proxy(), se:cdp: ws://localhost:60140/devtoo..., se:cdpVersion: 120.0.6099.216, setWindowRect: true, strictFileInteractability: false, timeouts: {implicit: 0, pageLoad: 300000, script: 30000}, unhandledPromptBehavior: dismiss and notify, webauthn:extension:credBlob: true, webauthn:extension:largeBlob: true, webauthn:extension:minPinLength: true, webauthn:extension:prf: true, webauthn:virtualAuthenticators: true}
Session ID: 64ec535e24e1c0f2c4fa6e916bb83801
	at org.openqa.selenium.remote.codec.w3c.W3CHttpResponseCodec.createException(W3CHttpResponseCodec.java:200)
	at org.openqa.selenium.remote.codec.w3c.W3CHttpResponseCodec.decode(W3CHttpResponseCodec.java:133)
	at org.openqa.selenium.remote.codec.w3c.W3CHttpResponseCodec.decode(W3CHttpResponseCodec.java:52)
	at org.openqa.selenium.remote.HttpCommandExecutor.execute(HttpCommandExecutor.java:191)
	at org.openqa.selenium.remote.service.DriverCommandExecutor.invokeExecute(DriverCommandExecutor.java:200)
	at org.openqa.selenium.remote.service.DriverCommandExecutor.execute(DriverCommandExecutor.java:175)
	at org.openqa.selenium.remote.RemoteWebDriver.execute(RemoteWebDriver.java:607)
	at org.openqa.selenium.remote.ElementLocation$ElementFinder$2.findElement(ElementLocation.java:165)
	at org.openqa.selenium.remote.ElementLocation.findElement(ElementLocation.java:59)
	at org.openqa.selenium.remote.RemoteWebDriver.findElement(RemoteWebDriver.java:364)
	at org.openqa.selenium.remote.RemoteWebDriver.findElement(RemoteWebDriver.java:358)
	at com.Fp_Examcenter.pom_pages.Create_Examinations_pages.select_examinations_lookup(Create_Examinations_pages.java:211)
	at StepDefinitions.CreateExaminations_Stepdefinations.select_one_examinations_name_from_excel(CreateExaminations_Stepdefinations.java:279)
	at ✽.Select one Examinations name from excel 0(file:///E:/Examcenter_workspace/Automation_Cucumber_EC/src/test/resources/Ec_features/CreateExaminations_Schedule.feature:56)
... Removed 5 stack frames</pre></div><a href='#' onClick='toggleBox("stack-trace325119885", this, "Click to show all stack frames", "Click to hide stack frames")'>Click to show all stack frames</a>
<div class='stack-trace' id='stack-trace325119885'><pre>org.openqa.selenium.NoSuchElementException: no such element: Unable to locate element: {&quot;method&quot;:&quot;xpath&quot;,&quot;selector&quot;:&quot;//span[text()=&apos; January Exams22 &apos;]&quot;}
  (Session info: chrome=120.0.6099.216)
For documentation on this error, please visit: https://www.selenium.dev/documentation/webdriver/troubleshooting/errors#no-such-element-exception
Build info: version: &apos;4.15.0&apos;, revision: &apos;1d14b5521b&apos;
System info: os.name: &apos;Windows 10&apos;, os.arch: &apos;amd64&apos;, os.version: &apos;10.0&apos;, java.version: &apos;17.0.8.1&apos;
Driver info: org.openqa.selenium.chrome.ChromeDriver
Command: [64ec535e24e1c0f2c4fa6e916bb83801, findElement {using=xpath, value=//span[text()=&apos; January Exams22 &apos;]}]
Capabilities {acceptInsecureCerts: false, browserName: chrome, browserVersion: 120.0.6099.216, chrome: {chromedriverVersion: 120.0.6099.109 (3419140ab66..., userDataDir: C:\Users\admin\AppData\Loca...}, fedcm:accounts: true, goog:chromeOptions: {debuggerAddress: localhost:60140}, networkConnectionEnabled: false, pageLoadStrategy: normal, platformName: windows, proxy: Proxy(), se:cdp: ws://localhost:60140/devtoo..., se:cdpVersion: 120.0.6099.216, setWindowRect: true, strictFileInteractability: false, timeouts: {implicit: 0, pageLoad: 300000, script: 30000}, unhandledPromptBehavior: dismiss and notify, webauthn:extension:credBlob: true, webauthn:extension:largeBlob: true, webauthn:extension:minPinLength: true, webauthn:extension:prf: true, webauthn:virtualAuthenticators: true}
Session ID: 64ec535e24e1c0f2c4fa6e916bb83801
	at java.base/jdk.internal.reflect.NativeConstructorAccessorImpl.newInstance0(Native Method)
	at java.base/jdk.internal.reflect.NativeConstructorAccessorImpl.newInstance(NativeConstructorAccessorImpl.java:77)
	at java.base/jdk.internal.reflect.DelegatingConstructorAccessorImpl.newInstance(DelegatingConstructorAccessorImpl.java:45)
	at java.base/java.lang.reflect.Constructor.newInstanceWithCaller(Constructor.java:499)
	at java.base/java.lang.reflect.Constructor.newInstance(Constructor.java:480)
	at org.openqa.selenium.remote.codec.w3c.W3CHttpResponseCodec.createException(W3CHttpResponseCodec.java:200)
	at org.openqa.selenium.remote.codec.w3c.W3CHttpResponseCodec.decode(W3CHttpResponseCodec.java:133)
	at org.openqa.selenium.remote.codec.w3c.W3CHttpResponseCodec.decode(W3CHttpResponseCodec.java:52)
	at org.openqa.selenium.remote.HttpCommandExecutor.execute(HttpCommandExecutor.java:191)
	at org.openqa.selenium.remote.service.DriverCommandExecutor.invokeExecute(DriverCommandExecutor.java:200)
	at org.openqa.selenium.remote.service.DriverCommandExecutor.execute(DriverCommandExecutor.java:175)
	at org.openqa.selenium.remote.RemoteWebDriver.execute(RemoteWebDriver.java:607)
	at org.openqa.selenium.remote.ElementLocation$ElementFinder$2.findElement(ElementLocation.java:165)
	at org.openqa.selenium.remote.ElementLocation.findElement(ElementLocation.java:59)
	at org.openqa.selenium.remote.RemoteWebDriver.findElement(RemoteWebDriver.java:364)
	at org.openqa.selenium.remote.RemoteWebDriver.findElement(RemoteWebDriver.java:358)
	at com.Fp_Examcenter.pom_pages.Create_Examinations_pages.select_examinations_lookup(Create_Examinations_pages.java:211)
	at StepDefinitions.CreateExaminations_Stepdefinations.select_one_examinations_name_from_excel(CreateExaminations_Stepdefinations.java:279)
	at ✽.Select one Examinations name from excel 0(file:///E:/Examcenter_workspace/Automation_Cucumber_EC/src/test/resources/Ec_features/CreateExaminations_Schedule.feature:56)
</pre></div></td>
<td>37</td>
<td>com.Fp_Ec.runner.Examinations_Schedule_runner@4b29d1d2</td></tr>
</table><p>
<table width='100%' border='1' class='invocation-passed'>
<tr><td colspan='4' align='center'><b>PASSED TESTS</b></td></tr>
<tr><td><b>Test method</b></td>
<td width="30%"><b>Exception</b></td>
<td width="10%"><b>Time (seconds)</b></td>
<td><b>Instance</b></td>
</tr>
<tr>
<td title='com.Fp_Ec.runner.EcLoginpage_Runner.runScenario()'><b>runScenario</b><br>Test class: com.Fp_Ec.runner.EcLoginpage_Runner<br>Test method: Runs Cucumber Scenarios<br>Parameters: "FocalPoint Exam_Center login test with valid credentials scenario", "FocalPoint Exam_Center Login functionality"</td>
<td></td>
<td>21</td>
<td>com.Fp_Ec.runner.EcLoginpage_Runner@742ff096</td></tr>
<tr>
<td title='com.Fp_Ec.runner.Examinations_Schedule_runner.runScenario()'><b>runScenario</b><br>Test class: com.Fp_Ec.runner.Examinations_Schedule_runner<br>Test method: Runs Cucumber Scenarios<br>Parameters: "Controller Creating Examinations in Examcenter", "Examcenter Creation of Examinations Schedules and Examtaker Enrollments feature"</td>
<td></td>
<td>27</td>
<td>com.Fp_Ec.runner.Examinations_Schedule_runner@4b29d1d2</td></tr>
<tr>
<td title='com.Fp_Ec.runner.Examinations_Schedule_runner.runScenario()'><b>runScenario</b><br>Test class: com.Fp_Ec.runner.Examinations_Schedule_runner<br>Test method: Runs Cucumber Scenarios<br>Parameters: "Creating Schedule for an Examinations", "Examcenter Creation of Examinations Schedules and Examtaker Enrollments feature"</td>
<td></td>
<td>42</td>
<td>com.Fp_Ec.runner.Examinations_Schedule_runner@4b29d1d2</td></tr>
</table><p>
</body>
</html>